{
  "RSpec": {
    "coverage": {
      "/Users/jamie/Documents/Makers/week8/acebook-RecipeBookBook/app/models/user.rb": [
        1,
        null,
        null,
        1,
        1,
        null,
        null
      ],
      "/Users/jamie/Documents/Makers/week8/acebook-RecipeBookBook/app/models/application_record.rb": [
        null,
        null,
        1,
        1,
        null
      ],
      "/Users/jamie/Documents/Makers/week8/acebook-RecipeBookBook/app/helpers/application_helper.rb": [
        null,
        null,
        1,
        null
      ],
      "/Users/jamie/Documents/Makers/week8/acebook-RecipeBookBook/app/helpers/comments_helper.rb": [
        1,
        null
      ],
      "/Users/jamie/Documents/Makers/week8/acebook-RecipeBookBook/app/helpers/user_helper.rb": [
        1,
        null,
        null,
        null,
        null
      ],
      "/Users/jamie/Documents/Makers/week8/acebook-RecipeBookBook/app/controllers/comments_controller.rb": [
        1,
        null,
        1,
        3,
        3,
        3,
        3,
        3,
        3,
        null,
        null,
        1,
        null,
        1,
        3,
        null,
        null
      ],
      "/Users/jamie/Documents/Makers/week8/acebook-RecipeBookBook/app/controllers/application_controller.rb": [
        null,
        null,
        1,
        1,
        null,
        1,
        null,
        null
      ],
      "/Users/jamie/Documents/Makers/week8/acebook-RecipeBookBook/app/controllers/posts_controller.rb": [
        null,
        null,
        1,
        1,
        9,
        null,
        null,
        1,
        3,
        null,
        null,
        1,
        4,
        null,
        null,
        1,
        0,
        null,
        null,
        1,
        5,
        5,
        null,
        null,
        1,
        0,
        0,
        0,
        null,
        0,
        null,
        null,
        null,
        1,
        null,
        1,
        5,
        null,
        null
      ],
      "/Users/jamie/Documents/Makers/week8/acebook-RecipeBookBook/app/controllers/user_controller.rb": [
        1,
        null,
        null,
        null,
        null,
        null,
        null,
        null,
        null,
        null,
        null,
        null,
        null,
        null,
        null,
        null,
        null,
        null,
        null,
        null,
        null,
        null,
        null,
        null,
        null,
        null
      ],
      "/Users/jamie/Documents/Makers/week8/acebook-RecipeBookBook/app/mailers/user_mailer.rb": [
        1,
        null,
        null,
        null,
        null,
        null
      ],
      "/Users/jamie/Documents/Makers/week8/acebook-RecipeBookBook/app/mailers/application_mailer.rb": [
        null,
        null,
        1,
        1,
        1,
        null
      ],
      "/Users/jamie/Documents/Makers/week8/acebook-RecipeBookBook/app/models/comment.rb": [
        1,
        1,
        1,
        null
      ],
      "/Users/jamie/Documents/Makers/week8/acebook-RecipeBookBook/app/models/post.rb": [
        null,
        null,
        1,
        null,
        1,
        null
      ],
      "/Users/jamie/Documents/Makers/week8/acebook-RecipeBookBook/app/channels/application_cable/channel.rb": [
        null,
        null,
        0,
        0,
        0,
        0
      ],
      "/Users/jamie/Documents/Makers/week8/acebook-RecipeBookBook/app/channels/application_cable/connection.rb": [
        null,
        null,
        0,
        0,
        0,
        0
      ],
      "/Users/jamie/Documents/Makers/week8/acebook-RecipeBookBook/app/jobs/application_job.rb": [
        null,
        null,
        0,
        0
      ]
    },
    "timestamp": 1540558487
  }
}
