{
  "RSpec": {
    "coverage": {

      "/Users/mariannerachid/code/makers/course/week8/acebook-RecipeBookBook/app/models/user.rb": [

        1,
        null,
        null,
        1,
        null,
        null,
        null
      ],

      "/Users/jonathanandrews/Projects/Group_Projects/Acebook/acebook-RecipeBookBook/app/models/application_record.rb": [

        null,
        null,
        1,
        1,
        null
      ],
]
      "/Users/mariannerachid/code/makers/course/week8/acebook-RecipeBookBook/app/helpers/application_helper.rb": [

        null,
        null,
        1,
        null
      ],

        1,
        null,
        null,
        null,
        null
      ],

      "/Users/mariannerachid/code/makers/course/week8/acebook-RecipeBookBook/app/helpers/welcome_helper.rb": [
        1,
        null
      ],
      "/Users/mariannerachid/code/makers/course/week8/acebook-RecipeBookBook/app/controllers/posts_controller.rb": [

        null,
        null,
        1,
        1,

        3,
        null,
        null,
        1,
        0,
        null,
        null,
        1,
        2,
        null,
        null,
        1,
        0,

        null,
        null,
        1,
        3,
        3,
        null,
        null,
        1,

        0,
        0,
        0,
        null,
        0,

        null,
        null,
        1,
        null,
        1,

        3,
        null,
        null
      ],

        null,
        null,
        1,
        1,
        null,

        1,
        0,

        null,
        null,
        null
      ],

      "/Users/jonathanandrews/Projects/Group_Projects/Acebook/acebook-RecipeBookBook/app/controllers/user_controller.rb": [

        1,
        null,
        null,
        null,
        null,
        null,
        null,
        null,
        null,
        null,
        null,
        null,
        null,
        null,
        null,
        null,
        null,
        null,
        null,
        null,
        null,
        null,
        null,
        null,
        null,
        null
      ],

      "/Users/jonathanandrews/Projects/Group_Projects/Acebook/acebook-RecipeBookBook/app/mailers/user_mailer.rb": [

        1,
        null,
        null,
        null,
        null,
        null
],
   
        null,
        null,
        1,
        1,
        1,
        null
      ],

      "/Users/mariannerachid/code/makers/course/week8/acebook-RecipeBookBook/app/models/post.rb": [
        null,
        null,
        1,
        null,
        null
      ],
      "/Users/mariannerachid/code/makers/course/week8/acebook-RecipeBookBook/app/jobs/application_job.rb": [
        null,
        null,

        0,
        0
      ],
      "/Users/mariannerachid/code/makers/course/week8/acebook-RecipeBookBook/app/controllers/welcome_controller.rb": [
        0,
        0,
        0,
        0
      ],
      "/Users/mariannerachid/code/makers/course/week8/acebook-RecipeBookBook/app/channels/application_cable/connection.rb": [
        null,
        null,
        0,
        0,
        0,
        0

      ]
    },
    "timestamp": 1540309135

  }
}
